# JRE version: Java(TM) SE Runtime Environment (8.0_31-b13) (build 1.8.0_31-b13)
# Java VM: Java HotSpot(TM) 64-Bit Server VM (25.31-b07 mixed mode windows-amd64 compressed oops)
Heap:
 PSYoungGen      total 25088K, used 4848K [0x00000000d5580000, 0x00000000d7180000, 0x0000000100000000)
  eden space 22528K, 21% used [0x00000000d5580000,0x00000000d5a3c090,0x00000000d6b80000)
  from space 2560K, 0% used [0x00000000d6b80000,0x00000000d6b80000,0x00000000d6e00000)
  to   space 3072K, 0% used [0x00000000d6e80000,0x00000000d6e80000,0x00000000d7180000)
 ParOldGen       total 38912K, used 4713K [0x0000000080000000, 0x0000000082600000, 0x00000000d5580000)
  object space 38912K, 12% used [0x0000000080000000,0x000000008049a7a0,0x0000000082600000)
 Metaspace       used 21054K, capacity 21486K, committed 21808K, reserved 1069056K
  class space    used 1703K, capacity 1844K, committed 1920K, reserved 1048576K
GC Heap History (10 events):
Event: 279.713 GC heap before
{Heap before GC invocations=40 (full 0):
 PSYoungGen      total 25600K, used 24160K [0x00000000d5580000, 0x00000000d7000000, 0x0000000100000000)
  eden space 24064K, 100% used [0x00000000d5580000,0x00000000d6d00000,0x00000000d6d00000)
  from space 1536K, 6% used [0x00000000d6d00000,0x00000000d6d18000,0x00000000d6e80000)
  to   space 1536K, 0% used [0x00000000d6e80000,0x00000000d6e80000,0x00000000d7000000)
 ParOldGen       total 87552K, used 4161K [0x0000000080000000, 0x0000000085580000, 0x00000000d5580000)
  object space 87552K, 4% used [0x0000000080000000,0x0000000080410658,0x0000000085580000)
 Metaspace       used 9656K, capacity 9988K, committed 10240K, reserved 1058816K
  class space    used 1122K, capacity 1231K, committed 1280K, reserved 1048576K
Event: 279.714 GC heap after
Heap after GC invocations=40 (full 0):
 PSYoungGen      total 24576K, used 96K [0x00000000d5580000, 0x00000000d6f00000, 0x0000000100000000)
  eden space 24064K, 0% used [0x00000000d5580000,0x00000000d5580000,0x00000000d6d00000)
  from space 512K, 18% used [0x00000000d6e80000,0x00000000d6e98000,0x00000000d6f00000)
  to   space 1024K, 0% used [0x00000000d6d00000,0x00000000d6d00000,0x00000000d6e00000)
 ParOldGen       total 87552K, used 4185K [0x0000000080000000, 0x0000000085580000, 0x00000000d5580000)
  object space 87552K, 4% used [0x0000000080000000,0x0000000080416658,0x0000000085580000)
 Metaspace       used 9656K, capacity 9988K, committed 10240K, reserved 1058816K
  class space    used 1122K, capacity 1231K, committed 1280K, reserved 1048576K
}
Event: 286.363 GC heap before
{Heap before GC invocations=41 (full 0):
 PSYoungGen      total 24576K, used 24160K [0x00000000d5580000, 0x00000000d6f00000, 0x0000000100000000)
  eden space 24064K, 100% used [0x00000000d5580000,0x00000000d6d00000,0x00000000d6d00000)
  from space 512K, 18% used [0x00000000d6e80000,0x00000000d6e98000,0x00000000d6f00000)
  to   space 1024K, 0% used [0x00000000d6d00000,0x00000000d6d00000,0x00000000d6e00000)
 ParOldGen       total 87552K, used 4185K [0x0000000080000000, 0x0000000085580000, 0x00000000d5580000)
  object space 87552K, 4% used [0x0000000080000000,0x0000000080416658,0x0000000085580000)
 Metaspace       used 9666K, capacity 9988K, committed 10240K, reserved 1058816K
  class space    used 1122K, capacity 1231K, committed 1280K, reserved 1048576K
Event: 286.364 GC heap after
Heap after GC invocations=41 (full 0):
 PSYoungGen      total 25088K, used 96K [0x00000000d5580000, 0x00000000d6f00000, 0x0000000100000000)
  eden space 24064K, 0% used [0x00000000d5580000,0x00000000d5580000,0x00000000d6d00000)
  from space 1024K, 9% used [0x00000000d6d00000,0x00000000d6d18000,0x00000000d6e00000)
  to   space 1024K, 0% used [0x00000000d6e00000,0x00000000d6e00000,0x00000000d6f00000)
 ParOldGen       total 87552K, used 4209K [0x0000000080000000, 0x0000000085580000, 0x00000000d5580000)
  object space 87552K, 4% used [0x0000000080000000,0x000000008041c658,0x0000000085580000)
 Metaspace       used 9666K, capacity 9988K, committed 10240K, reserved 1058816K
  class space    used 1122K, capacity 1231K, committed 1280K, reserved 1048576K
}
Event: 291.191 GC heap before
{Heap before GC invocations=42 (full 0):
 PSYoungGen      total 25088K, used 24160K [0x00000000d5580000, 0x00000000d6f00000, 0x0000000100000000)
  eden space 24064K, 100% used [0x00000000d5580000,0x00000000d6d00000,0x00000000d6d00000)
  from space 1024K, 9% used [0x00000000d6d00000,0x00000000d6d18000,0x00000000d6e00000)
  to   space 1024K, 0% used [0x00000000d6e00000,0x00000000d6e00000,0x00000000d6f00000)
 ParOldGen       total 87552K, used 4209K [0x0000000080000000, 0x0000000085580000, 0x00000000d5580000)
  object space 87552K, 4% used [0x0000000080000000,0x000000008041c658,0x0000000085580000)
 Metaspace       used 10157K, capacity 10532K, committed 10624K, reserved 1058816K
  class space    used 1184K, capacity 1331K, committed 1408K, reserved 1048576K
Event: 291.195 GC heap after
Heap after GC invocations=42 (full 0):
 PSYoungGen      total 23552K, used 999K [0x00000000d5580000, 0x00000000d7200000, 0x0000000100000000)
  eden space 22528K, 0% used [0x00000000d5580000,0x00000000d5580000,0x00000000d6b80000)
  from space 1024K, 97% used [0x00000000d6e00000,0x00000000d6ef9e38,0x00000000d6f00000)
  to   space 2560K, 0% used [0x00000000d6b80000,0x00000000d6b80000,0x00000000d6e00000)
 ParOldGen       total 87552K, used 6827K [0x0000000080000000, 0x0000000085580000, 0x00000000d5580000)
  object space 87552K, 7% used [0x0000000080000000,0x00000000806aaf18,0x0000000085580000)
 Metaspace       used 10157K, capacity 10532K, committed 10624K, reserved 1058816K
  class space    used 1184K, capacity 1331K, committed 1408K, reserved 1048576K
}
Event: 295.453 GC heap before
{Heap before GC invocations=43 (full 0):
 PSYoungGen      total 23552K, used 14301K [0x00000000d5580000, 0x00000000d7200000, 0x0000000100000000)
  eden space 22528K, 59% used [0x00000000d5580000,0x00000000d627d668,0x00000000d6b80000)
  from space 1024K, 97% used [0x00000000d6e00000,0x00000000d6ef9e38,0x00000000d6f00000)
  to   space 2560K, 0% used [0x00000000d6b80000,0x00000000d6b80000,0x00000000d6e00000)
 ParOldGen       total 87552K, used 6827K [0x0000000080000000, 0x0000000085580000, 0x00000000d5580000)
  object space 87552K, 7% used [0x0000000080000000,0x00000000806aaf18,0x0000000085580000)
 Metaspace       used 20795K, capacity 21168K, committed 21296K, reserved 1069056K
  class space    used 1702K, capacity 1845K, committed 1920K, reserved 1048576K
Event: 295.456 GC heap after
Heap after GC invocations=43 (full 0):
 PSYoungGen      total 25088K, used 2538K [0x00000000d5580000, 0x00000000d7180000, 0x0000000100000000)
  eden space 22528K, 0% used [0x00000000d5580000,0x00000000d5580000,0x00000000d6b80000)
  from space 2560K, 99% used [0x00000000d6b80000,0x00000000d6dfaa30,0x00000000d6e00000)
  to   space 3072K, 0% used [0x00000000d6e80000,0x00000000d6e80000,0x00000000d7180000)
 ParOldGen       total 87552K, used 7208K [0x0000000080000000, 0x0000000085580000, 0x00000000d5580000)
  object space 87552K, 8% used [0x0000000080000000,0x000000008070a110,0x0000000085580000)
 Metaspace       used 20795K, capacity 21168K, committed 21296K, reserved 1069056K
  class space    used 1702K, capacity 1845K, committed 1920K, reserved 1048576K
}
Event: 295.456 GC heap before
{Heap before GC invocations=44 (full 1):
 PSYoungGen      total 25088K, used 2538K [0x00000000d5580000, 0x00000000d7180000, 0x0000000100000000)
  eden space 22528K, 0% used [0x00000000d5580000,0x00000000d5580000,0x00000000d6b80000)
  from space 2560K, 99% used [0x00000000d6b80000,0x00000000d6dfaa30,0x00000000d6e00000)
  to   space 3072K, 0% used [0x00000000d6e80000,0x00000000d6e80000,0x00000000d7180000)
 ParOldGen       total 87552K, used 7208K [0x0000000080000000, 0x0000000085580000, 0x00000000d5580000)
  object space 87552K, 8% used [0x0000000080000000,0x000000008070a110,0x0000000085580000)
 Metaspace       used 20795K, capacity 21168K, committed 21296K, reserved 1069056K
  class space    used 1702K, capacity 1845K, committed 1920K, reserved 1048576K
Event: 295.503 GC heap after
Heap after GC invocations=44 (full 1):
 PSYoungGen      total 25088K, used 0K [0x00000000d5580000, 0x00000000d7180000, 0x0000000100000000)
  eden space 22528K, 0% used [0x00000000d5580000,0x00000000d5580000,0x00000000d6b80000)
  from space 2560K, 0% used [0x00000000d6b80000,0x00000000d6b80000,0x00000000d6e00000)
  to   space 3072K, 0% used [0x00000000d6e80000,0x00000000d6e80000,0x00000000d7180000)
 ParOldGen       total 38912K, used 4713K [0x0000000080000000, 0x0000000082600000, 0x00000000d5580000)
  object space 38912K, 12% used [0x0000000080000000,0x000000008049a7a0,0x0000000082600000)
 Metaspace       used 20794K, capacity 21166K, committed 21296K, reserved 1069056K
  class space    used 1701K, capacity 1844K, committed 1920K, reserved 1048576K
}

